<?xml version="1.0" encoding="UTF-8"?>
<testsuite name="FibonacciTest" tests="6" skipped="0" failures="0" errors="0" timestamp="2020-09-25T15:29:10" hostname="maximka-Aspire-ES1-531" time="0.092">
  <properties/>
  <testcase name="isFirstFibonacciNumberEquals1()" classname="FibonacciTest" time="0.058"/>
  <testcase name="isFifthFibonacciNumberEquals5()" classname="FibonacciTest" time="0.002"/>
  <testcase name="isFourthFibonacciNumberEquals3()" classname="FibonacciTest" time="0.002"/>
  <testcase name="isTenthFibonacciNumberEquals55()" classname="FibonacciTest" time="0.006"/>
  <testcase name="isSecondFibonacciNumberEquals1()" classname="FibonacciTest" time="0.003"/>
  <testcase name="isThirdFibonacciNumberEquals2()" classname="FibonacciTest" time="0.003"/>
  <system-out><![CDATA[]]></system-out>
  <system-err><![CDATA[]]></system-err>
</testsuite>
